Running: C:\14.7\ISE_DS\ISE\bin\nt64\unwrapped\fuse.exe -intstyle ise -incremental -o X:/CS373-1/SimpleNandGate/NandGateTestBench_isim_beh.exe -prj X:/CS373-1/SimpleNandGate/NandGateTestBench_beh.prj work.NandGateTestBench 
ISim P.20131013 (signature 0x7708f090)
Number of CPUs detected in this system: 8
Turning on mult-threading, number of parallel sub-compilation jobs: 16 
Determining compilation order of HDL files
Parsing VHDL file "X:/CS373-1/SimpleNandGate/NandGate.vhd" into library work
Parsing VHDL file "X:/CS373-1/SimpleNandGate/NandGateTestBench.vhd" into library work
Starting static elaboration
Completed static elaboration
Compiling package standard
Compiling package std_logic_1164
Compiling package std_logic_arith
Compiling package std_logic_unsigned
Compiling package numeric_std
Compiling architecture behavioral of entity NandGate [nandgate_default]
Compiling architecture behavior of entity nandgatetestbench
Time Resolution for simulation is 1ps.
Compiled 8 VHDL Units
Built simulation executable X:/CS373-1/SimpleNandGate/NandGateTestBench_isim_beh.exe
Fuse Memory Usage: 37132 KB
Fuse CPU Usage: 499 ms
