Release 14.7 - xst P.20131013 (nt64)
Copyright (c) 1995-2013 Xilinx, Inc.  All rights reserved.
--> Parameter TMPDIR set to xst/projnav.tmp


Total REAL time to Xst completion: 0.00 secs
Total CPU time to Xst completion: 0.36 secs
 
--> Parameter xsthdpdir set to xst


Total REAL time to Xst completion: 0.00 secs
Total CPU time to Xst completion: 0.38 secs
 
--> Reading design: AutoLogic.prj

TABLE OF CONTENTS
  1) Synthesis Options Summary
  2) HDL Compilation
  3) Design Hierarchy Analysis
  4) HDL Analysis
  5) HDL Synthesis
     5.1) HDL Synthesis Report
  6) Advanced HDL Synthesis
     6.1) Advanced HDL Synthesis Report
  7) Low Level Synthesis
  8) Partition Report
  9) Final Report
	9.1) Device utilization summary
	9.2) Partition Resource Summary
	9.3) TIMING REPORT


=========================================================================
*                      Synthesis Options Summary                        *
=========================================================================
---- Source Parameters
Input File Name                    : "AutoLogic.prj"
Input Format                       : mixed
Ignore Synthesis Constraint File   : NO

---- Target Parameters
Output File Name                   : "AutoLogic"
Output Format                      : NGC
Target Device                      : xc3s1000-4-ft256

---- Source Options
Top Module Name                    : AutoLogic
Automatic FSM Extraction           : YES
FSM Encoding Algorithm             : Auto
Safe Implementation                : No
FSM Style                          : LUT
RAM Extraction                     : Yes
RAM Style                          : Auto
ROM Extraction                     : Yes
Mux Style                          : Auto
Decoder Extraction                 : YES
Priority Encoder Extraction        : Yes
Shift Register Extraction          : YES
Logical Shifter Extraction         : YES
XOR Collapsing                     : YES
ROM Style                          : Auto
Mux Extraction                     : Yes
Resource Sharing                   : YES
Asynchronous To Synchronous        : NO
Multiplier Style                   : Auto
Automatic Register Balancing       : No

---- Target Options
Add IO Buffers                     : YES
Global Maximum Fanout              : 100000
Add Generic Clock Buffer(BUFG)     : 8
Register Duplication               : YES
Slice Packing                      : YES
Optimize Instantiated Primitives   : NO
Use Clock Enable                   : Yes
Use Synchronous Set                : Yes
Use Synchronous Reset              : Yes
Pack IO Registers into IOBs        : Auto
Equivalent register Removal        : YES

---- General Options
Optimization Goal                  : Speed
Optimization Effort                : 1
Keep Hierarchy                     : No
Netlist Hierarchy                  : As_Optimized
RTL Output                         : Yes
Global Optimization                : AllClockNets
Read Cores                         : YES
Write Timing Constraints           : NO
Cross Clock Analysis               : NO
Hierarchy Separator                : /
Bus Delimiter                      : <>
Case Specifier                     : Maintain
Slice Utilization Ratio            : 100
BRAM Utilization Ratio             : 100
Verilog 2001                       : YES
Auto BRAM Packing                  : NO
Slice Utilization Ratio Delta      : 5

=========================================================================


=========================================================================
*                          HDL Compilation                              *
=========================================================================
WARNING:HDLParsers:3607 - Unit work/AutoLogic is now defined in a different file.  It was defined in "//CS1/students/2018/jflinn18/CS373-1/AutoLogic/AutoLogic.vhf", and is now defined in "//cs1/2018/jflinn18/CS373-1/AutoLogic/AutoLogic.vhf".
WARNING:HDLParsers:3607 - Unit work/AutoLogic/BEHAVIORAL is now defined in a different file.  It was defined in "//CS1/students/2018/jflinn18/CS373-1/AutoLogic/AutoLogic.vhf", and is now defined in "//cs1/2018/jflinn18/CS373-1/AutoLogic/AutoLogic.vhf".
Compiling vhdl file "//cs1/2018/jflinn18/CS373-1/AutoLogic/AutoLogic.vhf" in Library work.
Architecture behavioral of Entity autologic is up to date.

=========================================================================
*                     Design Hierarchy Analysis                         *
=========================================================================
Analyzing hierarchy for entity <AutoLogic> in library <work> (architecture <behavioral>).


=========================================================================
*                            HDL Analysis                               *
=========================================================================
Analyzing Entity <AutoLogic> in library <work> (Architecture <behavioral>).
    Set user-defined property "LOC =  E11" for signal <Door> in unit <AutoLogic>.
    Set user-defined property "LOC =  K2" for signal <Ignition> in unit <AutoLogic>.
    Set user-defined property "LOC =  A13" for signal <Seatbelt> in unit <AutoLogic>.
    Set user-defined property "LOC =  M6" for signal <Buzzer> in unit <AutoLogic>.
Entity <AutoLogic> analyzed. Unit <AutoLogic> generated.


=========================================================================
*                           HDL Synthesis                               *
=========================================================================

Performing bidirectional port resolution...

Synthesizing Unit <AutoLogic>.
    Related source file is "//cs1/2018/jflinn18/CS373-1/AutoLogic/AutoLogic.vhf".
Unit <AutoLogic> synthesized.


=========================================================================
HDL Synthesis Report

Found no macro
=========================================================================

=========================================================================
*                       Advanced HDL Synthesis                          *
=========================================================================


=========================================================================
Advanced HDL Synthesis Report

Found no macro
=========================================================================

=========================================================================
*                         Low Level Synthesis                           *
=========================================================================

Optimizing unit <AutoLogic> ...

Mapping all equations...
Building and optimizing final netlist ...
Found area constraint ratio of 100 (+ 5) on block AutoLogic, actual ratio is 0.

Final Macro Processing ...

=========================================================================
Final Register Report

Found no macro
=========================================================================

=========================================================================
*                           Partition Report                            *
=========================================================================

Partition Implementation Status
-------------------------------

  No Partitions were found in this design.

-------------------------------

=========================================================================
*                            Final Report                               *
=========================================================================
Final Results
RTL Top Level Output File Name     : AutoLogic.ngr
Top Level Output File Name         : AutoLogic
Output Format                      : NGC
Optimization Goal                  : Speed
Keep Hierarchy                     : No

Design Statistics
# IOs                              : 4

Cell Usage :
# BELS                             : 9
#      AND2                        : 2
#      BUF                         : 4
#      INV                         : 2
#      OR2                         : 1
# IO Buffers                       : 4
#      IBUF                        : 3
#      OBUF                        : 1
=========================================================================

Device utilization summary:
---------------------------

Selected Device : 3s1000ft256-4 

 Number of Slices:                        1  out of   7680     0%  
 Number of 4 input LUTs:                  2  out of  15360     0%  
 Number of IOs:                           4
 Number of bonded IOBs:                   4  out of    173     2%  

---------------------------
Partition Resource Summary:
---------------------------

  No Partitions were found in this design.

---------------------------


=========================================================================
TIMING REPORT

NOTE: THESE TIMING NUMBERS ARE ONLY A SYNTHESIS ESTIMATE.
      FOR ACCURATE TIMING INFORMATION PLEASE REFER TO THE TRACE REPORT
      GENERATED AFTER PLACE-and-ROUTE.

Clock Information:
------------------
No clock signals found in this design

Asynchronous Control Signals Information:
----------------------------------------
No asynchronous control signals found in this design

Timing Summary:
---------------
Speed Grade: -4

   Minimum period: No path found
   Minimum input arrival time before clock: No path found
   Maximum output required time after clock: No path found
   Maximum combinational path delay: 14.026ns

Timing Detail:
--------------
All values displayed in nanoseconds (ns)

=========================================================================
Timing constraint: Default path analysis
  Total number of paths / destination ports: 4 / 1
-------------------------------------------------------------------------
Delay:               14.026ns (Levels of Logic = 7)
  Source:            Seatbelt (PAD)
  Destination:       Buzzer (PAD)

  Data Path: Seatbelt to Buzzer
                                Gate     Net
    Cell:in->out      fanout   Delay   Delay  Logical Name (Net Name)
    ----------------------------------------  ------------
     IBUF:I->O             1   0.821   0.801  Seatbelt_IBUF (Seatbelt_IBUF)
     BUF:I->O              1   0.551   0.801  XLXI_9 (XLXN_8)
     INV:I->O              1   0.551   0.801  XLXI_6 (XLXN_2)
     AND2:I0->O            1   0.551   0.801  XLXI_3 (XLXN_6)
     OR2:I0->O             1   0.551   0.801  XLXI_4 (XLXN_9)
     BUF:I->O              1   0.551   0.801  XLXI_10 (Buzzer_OBUF)
     OBUF:I->O                 5.644          Buzzer_OBUF (Buzzer)
    ----------------------------------------
    Total                     14.026ns (9.220ns logic, 4.806ns route)
                                       (65.7% logic, 34.3% route)

=========================================================================


Total REAL time to Xst completion: 6.00 secs
Total CPU time to Xst completion: 6.27 secs
 
--> 

Total memory usage is 307740 kilobytes

Number of errors   :    0 (   0 filtered)
Number of warnings :    2 (   0 filtered)
Number of infos    :    0 (   0 filtered)

