Command line:
   AutoLogic_isim_beh.exe
     -simmode  gui
     -simrunnum  0
     -socket  8826

Wed Oct 26 13:03:23 2016


 Elaboration Time: 0.046875 sec

 Current Memory Usage: 842.609 Meg

 Total Signals          : 58
 Total Nets             : 37
 Total Signal Drivers   : 9
 Total Blocks           : 13
 Total Primitive Blocks : 12
 Total Processes        : 9
 Total Traceable Variables  : 13
 Total Scalar Nets and Variables : 520
Total Line Count : 9

 Total Simulation Time: 0.109375 sec

 Current Memory Usage: 842.609 Meg

Wed Oct 26 13:03:32 2016

